[17:30:04] [ServerMain/INFO]: Environment: Environment[sessionHost=https://sessionserver.mojang.com, servicesHost=https://api.minecraftservices.com, name=PROD]
[17:30:05] [ServerMain/INFO]: Loaded 7 recipes
[17:30:05] [ServerMain/INFO]: Loaded 1271 advancements
[17:30:06] [Server thread/INFO]: Starting minecraft server version 1.20.4
[17:30:06] [Server thread/INFO]: Loading properties
[17:30:06] [Server thread/INFO]: Default game type: SURVIVAL
[17:30:06] [Server thread/INFO]: Generating keypair
[17:30:06] [Server thread/INFO]: Starting Minecraft server on *:25565
[17:30:06] [Server thread/INFO]: Using default channel type
[17:30:06] [Server thread/INFO]: Preparing level "world"
[17:30:07] [Server thread/INFO]: Preparing start region for dimension minecraft:overworld
[17:30:09] [Worker-Main-9/INFO]: Preparing spawn area: 0%
[17:30:09] [Worker-Main-9/INFO]: Preparing spawn area: 0%
[17:30:09] [Worker-Main-9/INFO]: Preparing spawn area: 0%
[17:30:09] [Worker-Main-9/INFO]: Preparing spawn area: 0%
[17:30:09] [Worker-Main-9/INFO]: Preparing spawn area: 0%
[17:30:09] [Worker-Main-4/INFO]: Preparing spawn area: 20%
[17:30:10] [Server thread/INFO]: Time elapsed: 2891 ms
[17:30:10] [Server thread/INFO]: Done (3.797s)! For help, type "help"
[17:30:13] [Server thread/INFO]: Stopping the server
[17:30:13] [Server thread/INFO]: Stopping server
[17:30:13] [Server thread/INFO]: Saving players
[17:30:13] [Server thread/INFO]: Saving worlds
[17:30:14] [Server thread/INFO]: Saving chunks for level 'ServerLevel[world]'/minecraft:overworld
[17:30:14] [Server thread/INFO]: Saving chunks for level 'ServerLevel[world]'/minecraft:the_nether
[17:30:14] [Server thread/INFO]: Saving chunks for level 'ServerLevel[world]'/minecraft:the_end
[17:30:14] [Server thread/INFO]: ThreadedAnvilChunkStorage (world): All chunks are saved
[17:30:14] [Server thread/INFO]: ThreadedAnvilChunkStorage (DIM-1): All chunks are saved
[17:30:14] [Server thread/INFO]: ThreadedAnvilChunkStorage (DIM1): All chunks are saved
[17:30:14] [Server thread/INFO]: ThreadedAnvilChunkStorage: All dimensions are saved
